30/12/2011 03:34:43.750 - [Thread 10] - [INFO] - Parsing - 
30/12/2011 03:34:43.765 - [Thread 10] - [WARNING] - Parsing error -  - java.lang.IllegalArgumentException: Must supply a valid URL
30/12/2011 03:34:43.781 - [Thread 10] - [INFO] - Parsing - 
30/12/2011 03:34:43.781 - [Thread 10] - [WARNING] - Parsing error -  - java.lang.IllegalArgumentException: Must supply a valid URL
30/12/2011 03:34:43.796 - [Thread 10] - [INFO] - Parsing - 
30/12/2011 03:34:43.796 - [Thread 10] - [WARNING] - Parsing error -  - java.lang.IllegalArgumentException: Must supply a valid URL
30/12/2011 03:34:43.859 - [Thread 10] - [INFO] - Parsing - 
30/12/2011 03:34:43.859 - [Thread 10] - [WARNING] - Parsing error -  - java.lang.IllegalArgumentException: Must supply a valid URL
30/12/2011 03:34:43.937 - [Thread 10] - [INFO] - Parsing - 
30/12/2011 03:34:43.937 - [Thread 10] - [WARNING] - Parsing error -  - java.lang.IllegalArgumentException: Must supply a valid URL
30/12/2011 03:34:43.937 - [Thread 10] - [INFO] - Parsing - 
30/12/2011 03:34:43.937 - [Thread 10] - [WARNING] - Parsing error -  - java.lang.IllegalArgumentException: Must supply a valid URL
30/12/2011 03:34:43.968 - [Thread 10] - [INFO] - Parsing - 
30/12/2011 03:34:43.968 - [Thread 10] - [WARNING] - Parsing error -  - java.lang.IllegalArgumentException: Must supply a valid URL
30/12/2011 03:34:44.000 - [Thread 10] - [INFO] - Parsing - 
30/12/2011 03:34:44.000 - [Thread 10] - [WARNING] - Parsing error -  - java.lang.IllegalArgumentException: Must supply a valid URL
30/12/2011 03:34:44.015 - [Thread 10] - [INFO] - Parsing - 
30/12/2011 03:34:44.015 - [Thread 10] - [WARNING] - Parsing error -  - java.lang.IllegalArgumentException: Must supply a valid URL
30/12/2011 03:34:44.015 - [Thread 10] - [INFO] - Parsing - 
30/12/2011 03:34:44.015 - [Thread 10] - [WARNING] - Parsing error -  - java.lang.IllegalArgumentException: Must supply a valid URL
30/12/2011 03:34:44.046 - [Thread 10] - [INFO] - Parsing - 
30/12/2011 03:34:44.046 - [Thread 10] - [WARNING] - Parsing error -  - java.lang.IllegalArgumentException: Must supply a valid URL
30/12/2011 03:34:44.046 - [Thread 10] - [INFO] - Parsing - 
30/12/2011 03:34:44.046 - [Thread 10] - [WARNING] - Parsing error -  - java.lang.IllegalArgumentException: Must supply a valid URL
30/12/2011 03:34:44.062 - [Thread 10] - [INFO] - Parsing - 
30/12/2011 03:34:44.062 - [Thread 10] - [WARNING] - Parsing error -  - java.lang.IllegalArgumentException: Must supply a valid URL
30/12/2011 03:34:44.062 - [Thread 10] - [INFO] - Parsing - 
30/12/2011 03:34:44.062 - [Thread 10] - [WARNING] - Parsing error -  - java.lang.IllegalArgumentException: Must supply a valid URL
30/12/2011 03:34:44.078 - [Thread 10] - [INFO] - Parsing - 
30/12/2011 03:34:44.078 - [Thread 10] - [WARNING] - Parsing error -  - java.lang.IllegalArgumentException: Must supply a valid URL
30/12/2011 03:34:44.093 - [Thread 10] - [INFO] - Parsing - 
30/12/2011 03:34:44.093 - [Thread 10] - [WARNING] - Parsing error -  - java.lang.IllegalArgumentException: Must supply a valid URL
30/12/2011 03:34:44.109 - [Thread 10] - [INFO] - Parsing - 
30/12/2011 03:34:44.109 - [Thread 10] - [WARNING] - Parsing error -  - java.lang.IllegalArgumentException: Must supply a valid URL
30/12/2011 03:34:44.109 - [Thread 10] - [INFO] - Parsing - 
30/12/2011 03:34:44.109 - [Thread 10] - [WARNING] - Parsing error -  - java.lang.IllegalArgumentException: Must supply a valid URL
30/12/2011 03:34:44.125 - [Thread 10] - [INFO] - Parsing - 
30/12/2011 03:34:44.125 - [Thread 10] - [WARNING] - Parsing error -  - java.lang.IllegalArgumentException: Must supply a valid URL
30/12/2011 03:34:44.203 - [Thread 10] - [INFO] - Parsing - 
30/12/2011 03:34:44.203 - [Thread 10] - [WARNING] - Parsing error -  - java.lang.IllegalArgumentException: Must supply a valid URL
30/12/2011 03:34:44.203 - [Thread 10] - [INFO] - Parsing - 
30/12/2011 03:34:44.203 - [Thread 10] - [WARNING] - Parsing error -  - java.lang.IllegalArgumentException: Must supply a valid URL
30/12/2011 03:34:44.218 - [Thread 10] - [INFO] - Parsing - 
30/12/2011 03:34:44.218 - [Thread 10] - [WARNING] - Parsing error -  - java.lang.IllegalArgumentException: Must supply a valid URL
30/12/2011 03:34:44.234 - [Thread 10] - [INFO] - Parsing - 
30/12/2011 03:34:44.234 - [Thread 10] - [WARNING] - Parsing error -  - java.lang.IllegalArgumentException: Must supply a valid URL
30/12/2011 03:34:44.250 - [Thread 10] - [INFO] - Parsing - 
30/12/2011 03:34:44.250 - [Thread 10] - [WARNING] - Parsing error -  - java.lang.IllegalArgumentException: Must supply a valid URL
30/12/2011 03:34:44.250 - [Thread 10] - [INFO] - Parsing - 
30/12/2011 03:34:44.250 - [Thread 10] - [WARNING] - Parsing error -  - java.lang.IllegalArgumentException: Must supply a valid URL
30/12/2011 03:34:44.265 - [Thread 10] - [INFO] - Parsing - 
30/12/2011 03:34:44.265 - [Thread 10] - [WARNING] - Parsing error -  - java.lang.IllegalArgumentException: Must supply a valid URL
30/12/2011 03:34:44.265 - [Thread 10] - [INFO] - Parsing - 
30/12/2011 03:34:44.265 - [Thread 10] - [WARNING] - Parsing error -  - java.lang.IllegalArgumentException: Must supply a valid URL
30/12/2011 03:34:44.296 - [Thread 10] - [INFO] - Parsing - 
30/12/2011 03:34:44.296 - [Thread 10] - [WARNING] - Parsing error -  - java.lang.IllegalArgumentException: Must supply a valid URL
30/12/2011 03:34:44.312 - [Thread 10] - [INFO] - Parsing - 
30/12/2011 03:34:44.312 - [Thread 10] - [WARNING] - Parsing error -  - java.lang.IllegalArgumentException: Must supply a valid URL
30/12/2011 03:34:44.328 - [Thread 10] - [INFO] - Parsing - 
30/12/2011 03:34:44.328 - [Thread 10] - [WARNING] - Parsing error -  - java.lang.IllegalArgumentException: Must supply a valid URL
30/12/2011 03:34:44.328 - [Thread 10] - [INFO] - Parsing - 
30/12/2011 03:34:44.328 - [Thread 10] - [WARNING] - Parsing error -  - java.lang.IllegalArgumentException: Must supply a valid URL
30/12/2011 03:34:44.359 - [Thread 10] - [INFO] - Parsing - 
30/12/2011 03:34:44.359 - [Thread 10] - [WARNING] - Parsing error -  - java.lang.IllegalArgumentException: Must supply a valid URL
30/12/2011 03:34:44.375 - [Thread 10] - [INFO] - Parsing - 
30/12/2011 03:34:44.375 - [Thread 10] - [WARNING] - Parsing error -  - java.lang.IllegalArgumentException: Must supply a valid URL
30/12/2011 03:34:44.375 - [Thread 10] - [INFO] - Parsing - 
30/12/2011 03:34:44.375 - [Thread 10] - [WARNING] - Parsing error -  - java.lang.IllegalArgumentException: Must supply a valid URL
30/12/2011 03:34:44.390 - [Thread 10] - [INFO] - Parsing - 
30/12/2011 03:34:44.390 - [Thread 10] - [WARNING] - Parsing error -  - java.lang.IllegalArgumentException: Must supply a valid URL
30/12/2011 03:34:44.390 - [Thread 10] - [INFO] - Parsing - 
30/12/2011 03:34:44.390 - [Thread 10] - [WARNING] - Parsing error -  - java.lang.IllegalArgumentException: Must supply a valid URL
30/12/2011 03:34:44.406 - [Thread 10] - [INFO] - Parsing - 
30/12/2011 03:34:44.406 - [Thread 10] - [WARNING] - Parsing error -  - java.lang.IllegalArgumentException: Must supply a valid URL
30/12/2011 03:34:44.406 - [Thread 10] - [INFO] - Parsing - 
30/12/2011 03:34:44.406 - [Thread 10] - [WARNING] - Parsing error -  - java.lang.IllegalArgumentException: Must supply a valid URL
30/12/2011 03:34:44.453 - [Thread 10] - [INFO] - Parsing - 
30/12/2011 03:34:44.500 - [Thread 10] - [WARNING] - Parsing error -  - java.lang.IllegalArgumentException: Must supply a valid URL
30/12/2011 03:34:44.500 - [Thread 10] - [INFO] - Parsing - 
30/12/2011 03:34:44.500 - [Thread 10] - [WARNING] - Parsing error -  - java.lang.IllegalArgumentException: Must supply a valid URL
30/12/2011 03:34:44.500 - [Thread 10] - [INFO] - Parsing - 
30/12/2011 03:34:44.500 - [Thread 10] - [WARNING] - Parsing error -  - java.lang.IllegalArgumentException: Must supply a valid URL
30/12/2011 03:34:44.531 - [Thread 10] - [INFO] - Parsing - 
30/12/2011 03:34:44.531 - [Thread 10] - [WARNING] - Parsing error -  - java.lang.IllegalArgumentException: Must supply a valid URL
30/12/2011 03:34:44.531 - [Thread 10] - [INFO] - Parsing - 
30/12/2011 03:34:44.531 - [Thread 10] - [WARNING] - Parsing error -  - java.lang.IllegalArgumentException: Must supply a valid URL
30/12/2011 03:34:44.546 - [Thread 10] - [INFO] - Parsing - 
30/12/2011 03:34:44.546 - [Thread 10] - [WARNING] - Parsing error -  - java.lang.IllegalArgumentException: Must supply a valid URL
30/12/2011 03:34:44.546 - [Thread 10] - [INFO] - Parsing - 
30/12/2011 03:34:44.546 - [Thread 10] - [WARNING] - Parsing error -  - java.lang.IllegalArgumentException: Must supply a valid URL
30/12/2011 03:34:44.562 - [Thread 10] - [INFO] - Parsing - 
30/12/2011 03:34:44.562 - [Thread 10] - [WARNING] - Parsing error -  - java.lang.IllegalArgumentException: Must supply a valid URL
30/12/2011 03:34:44.609 - [Thread 10] - [INFO] - Parsing - 
30/12/2011 03:34:44.609 - [Thread 10] - [WARNING] - Parsing error -  - java.lang.IllegalArgumentException: Must supply a valid URL
30/12/2011 03:34:44.625 - [Thread 10] - [INFO] - Parsing - 
30/12/2011 03:34:44.625 - [Thread 10] - [WARNING] - Parsing error -  - java.lang.IllegalArgumentException: Must supply a valid URL
30/12/2011 03:34:44.625 - [Thread 10] - [INFO] - Parsing - 
30/12/2011 03:34:44.625 - [Thread 10] - [WARNING] - Parsing error -  - java.lang.IllegalArgumentException: Must supply a valid URL
30/12/2011 03:34:44.640 - [Thread 10] - [INFO] - Parsing - 
30/12/2011 03:34:44.640 - [Thread 10] - [WARNING] - Parsing error -  - java.lang.IllegalArgumentException: Must supply a valid URL
30/12/2011 03:34:44.640 - [Thread 10] - [INFO] - Parsing - 
30/12/2011 03:34:44.640 - [Thread 10] - [WARNING] - Parsing error -  - java.lang.IllegalArgumentException: Must supply a valid URL
30/12/2011 03:34:44.656 - [Thread 10] - [INFO] - Parsing - 
30/12/2011 03:34:44.656 - [Thread 10] - [WARNING] - Parsing error -  - java.lang.IllegalArgumentException: Must supply a valid URL
30/12/2011 03:34:44.656 - [Thread 10] - [INFO] - Parsing - 
30/12/2011 03:34:44.656 - [Thread 10] - [WARNING] - Parsing error -  - java.lang.IllegalArgumentException: Must supply a valid URL
30/12/2011 03:34:44.656 - [Thread 10] - [INFO] - Parsing - 
30/12/2011 03:34:44.656 - [Thread 10] - [WARNING] - Parsing error -  - java.lang.IllegalArgumentException: Must supply a valid URL
30/12/2011 03:34:44.671 - [Thread 10] - [INFO] - Parsing - 
30/12/2011 03:34:44.671 - [Thread 10] - [WARNING] - Parsing error -  - java.lang.IllegalArgumentException: Must supply a valid URL
30/12/2011 03:34:44.687 - [Thread 10] - [INFO] - Parsing - 
30/12/2011 03:34:44.687 - [Thread 10] - [WARNING] - Parsing error -  - java.lang.IllegalArgumentException: Must supply a valid URL
30/12/2011 03:34:44.687 - [Thread 10] - [INFO] - Parsing - 
30/12/2011 03:34:44.687 - [Thread 10] - [WARNING] - Parsing error -  - java.lang.IllegalArgumentException: Must supply a valid URL
30/12/2011 03:34:44.687 - [Thread 10] - [INFO] - Parsing - 
30/12/2011 03:34:44.687 - [Thread 10] - [WARNING] - Parsing error -  - java.lang.IllegalArgumentException: Must supply a valid URL
30/12/2011 03:34:44.703 - [Thread 10] - [INFO] - Parsing - 
30/12/2011 03:34:44.703 - [Thread 10] - [WARNING] - Parsing error -  - java.lang.IllegalArgumentException: Must supply a valid URL
30/12/2011 03:34:44.703 - [Thread 10] - [INFO] - Parsing - 
30/12/2011 03:34:44.703 - [Thread 10] - [WARNING] - Parsing error -  - java.lang.IllegalArgumentException: Must supply a valid URL
30/12/2011 03:34:44.718 - [Thread 10] - [INFO] - Parsing - 
30/12/2011 03:34:44.718 - [Thread 10] - [WARNING] - Parsing error -  - java.lang.IllegalArgumentException: Must supply a valid URL
30/12/2011 03:34:44.718 - [Thread 10] - [INFO] - Parsing - 
30/12/2011 03:34:44.718 - [Thread 10] - [WARNING] - Parsing error -  - java.lang.IllegalArgumentException: Must supply a valid URL
30/12/2011 03:34:44.750 - [Thread 10] - [INFO] - Parsing - 
30/12/2011 03:34:44.750 - [Thread 10] - [WARNING] - Parsing error -  - java.lang.IllegalArgumentException: Must supply a valid URL
30/12/2011 03:34:44.750 - [Thread 10] - [INFO] - Parsing - 
30/12/2011 03:34:44.750 - [Thread 10] - [WARNING] - Parsing error -  - java.lang.IllegalArgumentException: Must supply a valid URL
30/12/2011 03:34:44.765 - [Thread 10] - [INFO] - Parsing - 
30/12/2011 03:34:44.765 - [Thread 10] - [WARNING] - Parsing error -  - java.lang.IllegalArgumentException: Must supply a valid URL
30/12/2011 03:34:44.765 - [Thread 10] - [INFO] - Parsing - 
30/12/2011 03:34:44.765 - [Thread 10] - [WARNING] - Parsing error -  - java.lang.IllegalArgumentException: Must supply a valid URL
30/12/2011 03:34:44.781 - [Thread 10] - [INFO] - Parsing - 
30/12/2011 03:34:44.781 - [Thread 10] - [WARNING] - Parsing error -  - java.lang.IllegalArgumentException: Must supply a valid URL
30/12/2011 03:34:44.781 - [Thread 10] - [INFO] - Parsing - 
30/12/2011 03:34:44.781 - [Thread 10] - [WARNING] - Parsing error -  - java.lang.IllegalArgumentException: Must supply a valid URL
30/12/2011 03:34:44.796 - [Thread 10] - [INFO] - Parsing - 
30/12/2011 03:34:44.796 - [Thread 10] - [WARNING] - Parsing error -  - java.lang.IllegalArgumentException: Must supply a valid URL
30/12/2011 03:34:44.796 - [Thread 10] - [INFO] - Parsing - 
30/12/2011 03:34:44.796 - [Thread 10] - [WARNING] - Parsing error -  - java.lang.IllegalArgumentException: Must supply a valid URL
30/12/2011 03:34:44.828 - [Thread 10] - [INFO] - Parsing - 
30/12/2011 03:34:44.828 - [Thread 10] - [WARNING] - Parsing error -  - java.lang.IllegalArgumentException: Must supply a valid URL
30/12/2011 03:34:44.828 - [Thread 10] - [INFO] - Parsing - 
30/12/2011 03:34:44.828 - [Thread 10] - [WARNING] - Parsing error -  - java.lang.IllegalArgumentException: Must supply a valid URL
30/12/2011 03:34:44.843 - [Thread 10] - [INFO] - Parsing - 
30/12/2011 03:34:44.843 - [Thread 10] - [WARNING] - Parsing error -  - java.lang.IllegalArgumentException: Must supply a valid URL
30/12/2011 03:34:44.875 - [Thread 10] - [INFO] - Parsing - 
30/12/2011 03:34:44.875 - [Thread 10] - [WARNING] - Parsing error -  - java.lang.IllegalArgumentException: Must supply a valid URL
30/12/2011 03:34:44.875 - [Thread 10] - [INFO] - Parsing - 
30/12/2011 03:34:44.875 - [Thread 10] - [WARNING] - Parsing error -  - java.lang.IllegalArgumentException: Must supply a valid URL
30/12/2011 03:34:44.906 - [Thread 10] - [INFO] - Parsing - 
30/12/2011 03:34:44.906 - [Thread 10] - [WARNING] - Parsing error -  - java.lang.IllegalArgumentException: Must supply a valid URL
30/12/2011 03:34:44.921 - [Thread 10] - [INFO] - Parsing - 
30/12/2011 03:34:44.921 - [Thread 10] - [WARNING] - Parsing error -  - java.lang.IllegalArgumentException: Must supply a valid URL
30/12/2011 03:34:44.921 - [Thread 10] - [INFO] - Parsing - 
30/12/2011 03:34:44.921 - [Thread 10] - [WARNING] - Parsing error -  - java.lang.IllegalArgumentException: Must supply a valid URL
30/12/2011 03:34:44.937 - [Thread 10] - [INFO] - Parsing - 
30/12/2011 03:34:44.937 - [Thread 10] - [WARNING] - Parsing error -  - java.lang.IllegalArgumentException: Must supply a valid URL
30/12/2011 03:34:44.937 - [Thread 10] - [INFO] - Parsing - 
30/12/2011 03:34:44.937 - [Thread 10] - [WARNING] - Parsing error -  - java.lang.IllegalArgumentException: Must supply a valid URL
30/12/2011 03:34:44.953 - [Thread 10] - [INFO] - Parsing - 
30/12/2011 03:34:44.953 - [Thread 10] - [WARNING] - Parsing error -  - java.lang.IllegalArgumentException: Must supply a valid URL
30/12/2011 03:34:44.984 - [Thread 10] - [INFO] - Parsing - 
30/12/2011 03:34:44.984 - [Thread 10] - [WARNING] - Parsing error -  - java.lang.IllegalArgumentException: Must supply a valid URL
30/12/2011 03:34:44.984 - [Thread 10] - [INFO] - Parsing - 
30/12/2011 03:34:44.984 - [Thread 10] - [WARNING] - Parsing error -  - java.lang.IllegalArgumentException: Must supply a valid URL
30/12/2011 03:34:45.000 - [Thread 10] - [INFO] - Parsing - 
30/12/2011 03:34:45.000 - [Thread 10] - [WARNING] - Parsing error -  - java.lang.IllegalArgumentException: Must supply a valid URL
30/12/2011 03:34:45.000 - [Thread 10] - [INFO] - Parsing - 
30/12/2011 03:34:45.000 - [Thread 10] - [WARNING] - Parsing error -  - java.lang.IllegalArgumentException: Must supply a valid URL
30/12/2011 03:34:45.015 - [Thread 10] - [INFO] - Parsing - 
30/12/2011 03:34:45.015 - [Thread 10] - [WARNING] - Parsing error -  - java.lang.IllegalArgumentException: Must supply a valid URL
30/12/2011 03:34:45.015 - [Thread 10] - [INFO] - Parsing - 
30/12/2011 03:34:45.015 - [Thread 10] - [WARNING] - Parsing error -  - java.lang.IllegalArgumentException: Must supply a valid URL
30/12/2011 03:34:45.031 - [Thread 10] - [INFO] - Parsing - 
30/12/2011 03:34:45.031 - [Thread 10] - [WARNING] - Parsing error -  - java.lang.IllegalArgumentException: Must supply a valid URL
30/12/2011 03:34:45.046 - [Thread 10] - [INFO] - Parsing - 
30/12/2011 03:34:45.046 - [Thread 10] - [WARNING] - Parsing error -  - java.lang.IllegalArgumentException: Must supply a valid URL
30/12/2011 03:34:45.062 - [Thread 10] - [INFO] - Parsing - 
30/12/2011 03:34:45.062 - [Thread 10] - [WARNING] - Parsing error -  - java.lang.IllegalArgumentException: Must supply a valid URL
30/12/2011 03:34:45.062 - [Thread 10] - [INFO] - Parsing - 
30/12/2011 03:34:45.062 - [Thread 10] - [WARNING] - Parsing error -  - java.lang.IllegalArgumentException: Must supply a valid URL
30/12/2011 03:34:45.078 - [Thread 10] - [INFO] - Parsing - 
30/12/2011 03:34:45.078 - [Thread 10] - [WARNING] - Parsing error -  - java.lang.IllegalArgumentException: Must supply a valid URL
30/12/2011 03:34:45.078 - [Thread 10] - [INFO] - Parsing - 
30/12/2011 03:34:45.078 - [Thread 10] - [WARNING] - Parsing error -  - java.lang.IllegalArgumentException: Must supply a valid URL
30/12/2011 03:34:45.093 - [Thread 10] - [INFO] - Parsing - 
30/12/2011 03:34:45.093 - [Thread 10] - [WARNING] - Parsing error -  - java.lang.IllegalArgumentException: Must supply a valid URL
30/12/2011 03:34:45.125 - [Thread 10] - [INFO] - Parsing - 
30/12/2011 03:34:45.125 - [Thread 10] - [WARNING] - Parsing error -  - java.lang.IllegalArgumentException: Must supply a valid URL
30/12/2011 03:34:45.125 - [Thread 10] - [INFO] - Parsing - 
30/12/2011 03:34:45.125 - [Thread 10] - [WARNING] - Parsing error -  - java.lang.IllegalArgumentException: Must supply a valid URL
30/12/2011 03:34:45.140 - [Thread 10] - [INFO] - Parsing - 
30/12/2011 03:34:45.140 - [Thread 10] - [WARNING] - Parsing error -  - java.lang.IllegalArgumentException: Must supply a valid URL
30/12/2011 03:34:45.140 - [Thread 10] - [INFO] - Parsing - 
30/12/2011 03:34:45.140 - [Thread 10] - [WARNING] - Parsing error -  - java.lang.IllegalArgumentException: Must supply a valid URL
30/12/2011 03:34:45.156 - [Thread 10] - [INFO] - Parsing - 
30/12/2011 03:34:45.156 - [Thread 10] - [WARNING] - Parsing error -  - java.lang.IllegalArgumentException: Must supply a valid URL
30/12/2011 03:34:45.156 - [Thread 10] - [INFO] - Parsing - 
30/12/2011 03:34:45.156 - [Thread 10] - [WARNING] - Parsing error -  - java.lang.IllegalArgumentException: Must supply a valid URL
30/12/2011 03:34:45.171 - [Thread 10] - [INFO] - Parsing - 
30/12/2011 03:34:45.171 - [Thread 10] - [WARNING] - Parsing error -  - java.lang.IllegalArgumentException: Must supply a valid URL
30/12/2011 03:34:45.218 - [Thread 10] - [INFO] - Parsing - 
30/12/2011 03:34:45.218 - [Thread 10] - [WARNING] - Parsing error -  - java.lang.IllegalArgumentException: Must supply a valid URL
30/12/2011 03:34:45.218 - [Thread 10] - [INFO] - Parsing - 
30/12/2011 03:34:45.218 - [Thread 10] - [WARNING] - Parsing error -  - java.lang.IllegalArgumentException: Must supply a valid URL
30/12/2011 03:34:45.218 - [Thread 10] - [INFO] - Parsing - 
30/12/2011 03:34:45.234 - [Thread 10] - [WARNING] - Parsing error -  - java.lang.IllegalArgumentException: Must supply a valid URL
30/12/2011 03:34:45.234 - [Thread 10] - [INFO] - Parsing - 
30/12/2011 03:34:45.234 - [Thread 10] - [WARNING] - Parsing error -  - java.lang.IllegalArgumentException: Must supply a valid URL
30/12/2011 03:34:45.250 - [Thread 10] - [INFO] - Parsing - 
30/12/2011 03:34:45.250 - [Thread 10] - [WARNING] - Parsing error -  - java.lang.IllegalArgumentException: Must supply a valid URL
30/12/2011 03:34:45.250 - [Thread 10] - [INFO] - Parsing - 
30/12/2011 03:34:45.250 - [Thread 10] - [WARNING] - Parsing error -  - java.lang.IllegalArgumentException: Must supply a valid URL
30/12/2011 03:34:45.250 - [Thread 10] - [INFO] - Parsing - 
30/12/2011 03:34:45.250 - [Thread 10] - [WARNING] - Parsing error -  - java.lang.IllegalArgumentException: Must supply a valid URL
30/12/2011 03:34:45.281 - [Thread 10] - [INFO] - Parsing - 
30/12/2011 03:34:45.281 - [Thread 10] - [WARNING] - Parsing error -  - java.lang.IllegalArgumentException: Must supply a valid URL
30/12/2011 03:34:45.281 - [Thread 10] - [INFO] - Parsing - 
30/12/2011 03:34:45.281 - [Thread 10] - [WARNING] - Parsing error -  - java.lang.IllegalArgumentException: Must supply a valid URL
30/12/2011 03:34:45.296 - [Thread 10] - [INFO] - Parsing - 
30/12/2011 03:34:45.296 - [Thread 10] - [WARNING] - Parsing error -  - java.lang.IllegalArgumentException: Must supply a valid URL
30/12/2011 03:34:45.312 - [Thread 10] - [INFO] - Parsing - 
30/12/2011 03:34:45.312 - [Thread 10] - [WARNING] - Parsing error -  - java.lang.IllegalArgumentException: Must supply a valid URL
30/12/2011 03:34:45.312 - [Thread 10] - [INFO] - Parsing - 
30/12/2011 03:34:45.312 - [Thread 10] - [WARNING] - Parsing error -  - java.lang.IllegalArgumentException: Must supply a valid URL
30/12/2011 03:34:45.312 - [Thread 10] - [INFO] - Parsing - 
30/12/2011 03:34:45.312 - [Thread 10] - [WARNING] - Parsing error -  - java.lang.IllegalArgumentException: Must supply a valid URL
30/12/2011 03:34:45.328 - [Thread 10] - [INFO] - Parsing - 
30/12/2011 03:34:45.328 - [Thread 10] - [WARNING] - Parsing error -  - java.lang.IllegalArgumentException: Must supply a valid URL
30/12/2011 03:34:45.328 - [Thread 10] - [INFO] - Parsing - 
30/12/2011 03:34:45.328 - [Thread 10] - [WARNING] - Parsing error -  - java.lang.IllegalArgumentException: Must supply a valid URL
30/12/2011 03:34:45.343 - [Thread 10] - [INFO] - Parsing - 
30/12/2011 03:34:45.343 - [Thread 10] - [WARNING] - Parsing error -  - java.lang.IllegalArgumentException: Must supply a valid URL
30/12/2011 03:34:45.343 - [Thread 10] - [INFO] - Parsing - 
30/12/2011 03:34:45.343 - [Thread 10] - [WARNING] - Parsing error -  - java.lang.IllegalArgumentException: Must supply a valid URL
30/12/2011 03:34:45.375 - [Thread 10] - [INFO] - Parsing - 
30/12/2011 03:34:45.375 - [Thread 10] - [WARNING] - Parsing error -  - java.lang.IllegalArgumentException: Must supply a valid URL
30/12/2011 03:34:45.390 - [Thread 10] - [INFO] - Parsing - 
30/12/2011 03:34:45.390 - [Thread 10] - [WARNING] - Parsing error -  - java.lang.IllegalArgumentException: Must supply a valid URL
30/12/2011 03:34:45.390 - [Thread 10] - [INFO] - Parsing - 
30/12/2011 03:34:45.390 - [Thread 10] - [WARNING] - Parsing error -  - java.lang.IllegalArgumentException: Must supply a valid URL
30/12/2011 03:34:45.390 - [Thread 10] - [INFO] - Parsing - 
30/12/2011 03:34:45.390 - [Thread 10] - [WARNING] - Parsing error -  - java.lang.IllegalArgumentException: Must supply a valid URL
30/12/2011 03:34:45.406 - [Thread 10] - [INFO] - Parsing - 
30/12/2011 03:34:45.406 - [Thread 10] - [WARNING] - Parsing error -  - java.lang.IllegalArgumentException: Must supply a valid URL
30/12/2011 03:34:45.406 - [Thread 10] - [INFO] - Parsing - 
30/12/2011 03:34:45.421 - [Thread 10] - [WARNING] - Parsing error -  - java.lang.IllegalArgumentException: Must supply a valid URL
30/12/2011 03:34:45.421 - [Thread 10] - [INFO] - Parsing - 
30/12/2011 03:34:45.421 - [Thread 10] - [WARNING] - Parsing error -  - java.lang.IllegalArgumentException: Must supply a valid URL
30/12/2011 03:34:45.421 - [Thread 10] - [INFO] - Parsing - 
30/12/2011 03:34:45.421 - [Thread 10] - [WARNING] - Parsing error -  - java.lang.IllegalArgumentException: Must supply a valid URL
30/12/2011 03:34:45.453 - [Thread 10] - [INFO] - Parsing - 
30/12/2011 03:34:45.453 - [Thread 10] - [WARNING] - Parsing error -  - java.lang.IllegalArgumentException: Must supply a valid URL
30/12/2011 03:34:45.453 - [Thread 10] - [INFO] - Parsing - 
30/12/2011 03:34:45.453 - [Thread 10] - [WARNING] - Parsing error -  - java.lang.IllegalArgumentException: Must supply a valid URL
30/12/2011 03:34:45.468 - [Thread 10] - [INFO] - Parsing - 
30/12/2011 03:34:45.468 - [Thread 10] - [WARNING] - Parsing error -  - java.lang.IllegalArgumentException: Must supply a valid URL
30/12/2011 03:34:45.468 - [Thread 10] - [INFO] - Parsing - 
30/12/2011 03:34:45.468 - [Thread 10] - [WARNING] - Parsing error -  - java.lang.IllegalArgumentException: Must supply a valid URL
30/12/2011 03:34:45.484 - [Thread 10] - [INFO] - Parsing - 
30/12/2011 03:34:45.484 - [Thread 10] - [WARNING] - Parsing error -  - java.lang.IllegalArgumentException: Must supply a valid URL
30/12/2011 03:34:45.484 - [Thread 10] - [INFO] - Parsing - 
30/12/2011 03:34:45.484 - [Thread 10] - [WARNING] - Parsing error -  - java.lang.IllegalArgumentException: Must supply a valid URL
30/12/2011 03:34:45.484 - [Thread 10] - [INFO] - Parsing - 
30/12/2011 03:34:45.484 - [Thread 10] - [WARNING] - Parsing error -  - java.lang.IllegalArgumentException: Must supply a valid URL
30/12/2011 03:34:45.546 - [Thread 10] - [INFO] - Parsing - 
30/12/2011 03:34:45.546 - [Thread 10] - [WARNING] - Parsing error -  - java.lang.IllegalArgumentException: Must supply a valid URL
30/12/2011 03:34:45.546 - [Thread 10] - [INFO] - Parsing - 
30/12/2011 03:34:45.546 - [Thread 10] - [WARNING] - Parsing error -  - java.lang.IllegalArgumentException: Must supply a valid URL
30/12/2011 03:34:45.562 - [Thread 10] - [INFO] - Parsing - 
30/12/2011 03:34:45.562 - [Thread 10] - [WARNING] - Parsing error -  - java.lang.IllegalArgumentException: Must supply a valid URL
30/12/2011 03:34:45.562 - [Thread 10] - [INFO] - Parsing - 
30/12/2011 03:34:45.562 - [Thread 10] - [WARNING] - Parsing error -  - java.lang.IllegalArgumentException: Must supply a valid URL
30/12/2011 03:34:45.578 - [Thread 10] - [INFO] - Parsing - 
30/12/2011 03:34:45.578 - [Thread 10] - [WARNING] - Parsing error -  - java.lang.IllegalArgumentException: Must supply a valid URL
30/12/2011 03:34:45.578 - [Thread 10] - [INFO] - Parsing - 
30/12/2011 03:34:45.578 - [Thread 10] - [WARNING] - Parsing error -  - java.lang.IllegalArgumentException: Must supply a valid URL
30/12/2011 03:34:45.609 - [Thread 10] - [INFO] - Parsing - 
30/12/2011 03:34:45.609 - [Thread 10] - [WARNING] - Parsing error -  - java.lang.IllegalArgumentException: Must supply a valid URL
30/12/2011 03:34:45.625 - [Thread 10] - [INFO] - Parsing - 
30/12/2011 03:34:45.625 - [Thread 10] - [WARNING] - Parsing error -  - java.lang.IllegalArgumentException: Must supply a valid URL
30/12/2011 03:34:45.625 - [Thread 10] - [INFO] - Parsing - 
30/12/2011 03:34:45.625 - [Thread 10] - [WARNING] - Parsing error -  - java.lang.IllegalArgumentException: Must supply a valid URL
30/12/2011 03:34:45.640 - [Thread 10] - [INFO] - Parsing - 
30/12/2011 03:34:45.640 - [Thread 10] - [WARNING] - Parsing error -  - java.lang.IllegalArgumentException: Must supply a valid URL
30/12/2011 03:34:45.640 - [Thread 10] - [INFO] - Parsing - 
30/12/2011 03:34:45.640 - [Thread 10] - [WARNING] - Parsing error -  - java.lang.IllegalArgumentException: Must supply a valid URL
30/12/2011 03:34:45.656 - [Thread 10] - [INFO] - Parsing - 
30/12/2011 03:34:45.656 - [Thread 10] - [WARNING] - Parsing error -  - java.lang.IllegalArgumentException: Must supply a valid URL
30/12/2011 03:34:45.656 - [Thread 10] - [INFO] - Parsing - http://corporate.atari.com
30/12/2011 03:34:46.765 - [Thread 10] - [WARNING] - Parsing error - http://corporate.atari.com - java.io.IOException: 404 error loading URL http://www.atari.com/corporate
30/12/2011 03:34:46.781 - [Thread 10] - [INFO] - Parsing - http://corporate.disneylandparis.com
30/12/2011 03:34:50.093 - [Thread 10] - [WARNING] - Parsing error - http://corporate.disneylandparis.com - java.net.SocketTimeoutException: Read timed out
30/12/2011 03:34:50.093 - [Thread 10] - [INFO] - Parsing - http://fr.atos.net/fr-fr/
30/12/2011 03:34:50.812 - [Thread 11] - [INFO] - Parsing - http://fr.atos.net/fr-fr/a_propos/nous_contacter/
30/12/2011 03:34:54.328 - [Thread 12] - [INFO] - Parsing - http://fr.atos.net/fr-fr/solutions_old/atos_application_management/default.htm
30/12/2011 03:34:57.828 - [Thread 13] - [INFO] - Parsing - http://fr.atos.net/fr-fr/outsourcing/default.htm
30/12/2011 03:35:01.328 - [Thread 14] - [INFO] - Parsing - http://fr.atos.net/fr-fr/tools/privacy/
30/12/2011 03:35:04.828 - [Thread 15] - [INFO] - Parsing - http://fr.atos.net/fr-fr/tools/terms_of_use/
30/12/2011 03:35:08.328 - [Thread 16] - [INFO] - Parsing - http://fr.atos.net/fr-fr/tools/sitemap/
30/12/2011 03:35:11.843 - [Thread 17] - [INFO] - Parsing - http://fr.atos.net/fr-fr/a_propos/default.htm
30/12/2011 03:35:15.343 - [Thread 18] - [INFO] - Parsing - http://fr.atos.net/fr-fr/a_propos/atos-manifesto/default.htm
30/12/2011 03:35:18.843 - [Thread 19] - [INFO] - Parsing - http://fr.atos.net/fr-fr/a_propos/profil-du-groupe/default.htm
30/12/2011 03:35:22.343 - [Thread 20] - [INFO] - Parsing - http://fr.atos.net/fr-fr/a_propos/the-business-technologists/default.htm
30/12/2011 03:35:25.843 - [Thread 21] - [INFO] - Parsing - http://fr.atos.net/fr-fr/a_propos/qui_sommes_nous/default.htm
30/12/2011 03:35:29.359 - [Thread 22] - [INFO] - Parsing - http://fr.atos.net/fr-fr/a_propos/developpement_durable/default.htm
30/12/2011 03:35:32.859 - [Thread 23] - [INFO] - Parsing - http://fr.atos.net/fr-fr/a_propos/insights-and-innovation/default.htm
30/12/2011 03:35:36.359 - [Thread 24] - [INFO] - Parsing - http://fr.atos.net/fr-fr/a_propos/implantations/default.htm
30/12/2011 03:35:39.859 - [Thread 25] - [INFO] - Parsing - http://fr.atos.net/fr-fr/a_propos/nous_contacter/default.htm
30/12/2011 03:35:43.375 - [Thread 26] - [INFO] - Parsing - http://fr.atos.net/fr-fr/secteurs/default.htm
30/12/2011 03:35:46.875 - [Thread 27] - [INFO] - Parsing - http://fr.atos.net/fr-fr/secteurs/banque/default.htm
30/12/2011 03:35:50.375 - [Thread 28] - [INFO] - Parsing - http://fr.atos.net/fr-fr/secteurs/defense-et-securite/default.htm
30/12/2011 03:35:53.875 - [Thread 29] - [INFO] - Parsing - http://fr.atos.net/fr-fr/secteurs/education/default.htm
30/12/2011 03:35:57.375 - [Thread 30] - [INFO] - Parsing - http://fr.atos.net/fr-fr/secteurs/energy/default.htm
30/12/2011 03:36:00.890 - [Thread 31] - [INFO] - Parsing - http://fr.atos.net/fr-fr/secteurs/secteur-public/default.htm
30/12/2011 03:36:04.406 - [Thread 32] - [INFO] - Parsing - http://fr.atos.net/fr-fr/secteurs/sante/default.htm
30/12/2011 03:36:07.906 - [Thread 33] - [INFO] - Parsing - http://fr.atos.net/fr-fr/secteurs/manufacturing/default.htm
30/12/2011 03:36:11.421 - [Thread 34] - [INFO] - Parsing - http://fr.atos.net/fr-fr/secteurs/media/default.htm
30/12/2011 03:36:14.937 - [Thread 35] - [INFO] - Parsing - http://fr.atos.net/fr-fr/secteurs/distribution/default.htm
30/12/2011 03:36:18.437 - [Thread 36] - [INFO] - Parsing - http://fr.atos.net/fr-fr/secteurs/telecommunications/default.htm
30/12/2011 03:36:21.953 - [Thread 37] - [INFO] - Parsing - http://fr.atos.net/fr-fr/secteurs/transport/default.htm
30/12/2011 03:36:25.453 - [Thread 38] - [INFO] - Parsing - http://fr.atos.net/fr-fr/solutions/default.htm
30/12/2011 03:36:28.968 - [Thread 39] - [INFO] - Parsing - http://fr.atos.net/fr-fr/solutions/adaptive-workplace/default.htm
30/12/2011 03:36:32.468 - [Thread 40] - [INFO] - Parsing - http://fr.atos.net/fr-fr/solutions/application-operations/default.htm
30/12/2011 03:36:35.984 - [Thread 41] - [INFO] - Parsing - http://fr.atos.net/fr-fr/solutions/atosworldgrid/default.htm
30/12/2011 03:36:39.515 - [Thread 42] - [INFO] - Parsing - http://fr.atos.net/fr-fr/solutions/business-process-solutions/default.htm
30/12/2011 03:36:43.031 - [Thread 43] - [INFO] - Parsing - http://fr.atos.net/fr-fr/solutions/conseil/default.htm
30/12/2011 03:36:46.531 - [Thread 44] - [INFO] - Parsing - http://fr.atos.net/fr-fr/solutions/htts/default.htm
30/12/2011 03:36:50.046 - [Thread 45] - [INFO] - Parsing - http://fr.atos.net/fr-fr/solutions/identity-security-and-risk-management/default.htm
30/12/2011 03:36:53.546 - [Thread 46] - [INFO] - Parsing - http://fr.atos.net/fr-fr/solutions/managed-infrastructure-solutions/default.htm
30/12/2011 03:36:57.046 - [Thread 47] - [INFO] - Parsing - http://fr.atos.net/fr-fr/solutions/network-communications/default.htm
30/12/2011 03:37:00.562 - [Thread 48] - [INFO] - Parsing - http://fr.atos.net/fr-fr/outsourcing/business_process_outsourcing/default.htm
30/12/2011 03:37:04.062 - [Thread 10] - [INFO] - Parsing - http://groupe.boursorama.fr
30/12/2011 03:37:04.515 - [Thread 49] - [INFO] - Parsing - http://groupe.boursorama.fr/
30/12/2011 03:37:08.031 - [Thread 50] - [INFO] - Parsing - http://groupe.boursorama.fr/fr/finance/l-action-boursorama/
30/12/2011 03:37:11.531 - [Thread 51] - [INFO] - Parsing - http://groupe.boursorama.fr/fr/le-groupe/
30/12/2011 03:37:15.046 - [Thread 52] - [INFO] - Parsing - http://groupe.boursorama.fr/fr/finance/
30/12/2011 03:37:18.562 - [Thread 53] - [INFO] - Parsing - http://groupe.boursorama.fr/fr/presse-media/
30/12/2011 03:37:22.078 - [Thread 54] - [INFO] - Parsing - http://groupe.boursorama.fr/fr/innovations/
30/12/2011 03:37:25.578 - [Thread 55] - [INFO] - Parsing - http://groupe.boursorama.fr/fr/ressources-engagements/
30/12/2011 03:37:29.078 - [Thread 56] - [INFO] - Parsing - http://groupe.boursorama.fr/fr/contact/
30/12/2011 03:37:32.578 - [Thread 57] - [INFO] - Parsing - http://groupe.boursorama.fr/fr/calendrier/
30/12/2011 03:37:36.078 - [Thread 58] - [INFO] - Parsing - http://groupe.boursorama.fr/fr/finance/rapports/?y=2010
30/12/2011 03:37:39.593 - [Thread 59] - [INFO] - Parsing - http://groupe.boursorama.fr/fr/finance/presentations/
